<?xml version="1.0" encoding="UTF-8"?>
<testsuite xmlns:xsi="http://www.w3.org/2001/XMLSchema-instance" xsi:noNamespaceSchemaLocation="https://maven.apache.org/surefire/maven-surefire-plugin/xsd/surefire-test-report.xsd" name="com.songaerospace.DeckTest" time="2.604" tests="4" errors="0" skipped="0" failures="0">
  <properties>
[...]
</properties>
  <testcase name="open_deck_no_jokers" classname="com.songaerospace.DeckTest" time="1.585"/>
  <testcase name="draw_card" classname="com.songaerospace.DeckTest" time="0.454"/>
  <testcase name="open_deck_jokers" classname="com.songaerospace.DeckTest" time="0.266"/>
  <testcase name="reshuffle" classname="com.songaerospace.DeckTest" time="0.274"/>
</testsuite>